{"C:\\Users\\Роман\\Desktop\\hw\\netflix_clone-master\\jest\\api.js": {"path":"C:\\Users\\Роман\\Desktop\\hw\\netflix_clone-master\\jest\\api.js","statementMap":{"0":{"start":{"line":5,"column":26},"end":{"line":5,"column":64}},"1":{"start":{"line":8,"column":21},"end":{"line":8,"column":100}},"2":{"start":{"line":11,"column":30},"end":{"line":11,"column":83}},"3":{"start":{"line":12,"column":17},"end":{"line":12,"column":24}},"4":{"start":{"line":22,"column":21},"end":{"line":22,"column":55}},"5":{"start":{"line":23,"column":17},"end":{"line":23,"column":23}},"6":{"start":{"line":24,"column":18},"end":{"line":24,"column":102}},"7":{"start":{"line":25,"column":21},"end":{"line":25,"column":112}},"8":{"start":{"line":26,"column":23},"end":{"line":26,"column":52}}},"fnMap":{},"branchMap":{},"s":{"0":1,"1":1,"2":1,"3":1,"4":1,"5":1,"6":1,"7":1,"8":1},"f":{},"b":{},"_coverageSchema":"1a1c01bbd47fc00a2c39e90264f33305004495a9","hash":"a9462b3b14fce65558a88af8a85f74e9bf3b9106"}
,"C:\\Users\\Роман\\Desktop\\hw\\netflix_clone-master\\jest\\banner.js": {"path":"C:\\Users\\Роман\\Desktop\\hw\\netflix_clone-master\\jest\\banner.js","statementMap":{"0":{"start":{"line":5,"column":27},"end":{"line":5,"column":60}},"1":{"start":{"line":6,"column":27},"end":{"line":6,"column":67}},"2":{"start":{"line":7,"column":16},"end":{"line":7,"column":29}},"3":{"start":{"line":14,"column":14},"end":{"line":14,"column":28}},"4":{"start":{"line":15,"column":15},"end":{"line":15,"column":31}},"5":{"start":{"line":16,"column":19},"end":{"line":16,"column":36}},"6":{"start":{"line":17,"column":2},"end":{"line":17,"column":18}},"7":{"start":{"line":26,"column":29},"end":{"line":26,"column":62}},"8":{"start":{"line":27,"column":29},"end":{"line":27,"column":69}},"9":{"start":{"line":30,"column":23},"end":{"line":30,"column":53}},"10":{"start":{"line":33,"column":2},"end":{"line":43,"column":1}},"11":{"start":{"line":34,"column":21},"end":{"line":34,"column":84}},"12":{"start":{"line":35,"column":26},"end":{"line":35,"column":55}},"13":{"start":{"line":36,"column":4},"end":{"line":38,"column":6}},"14":{"start":{"line":39,"column":4},"end":{"line":42,"column":3}},"15":{"start":{"line":40,"column":4},"end":{"line":40,"column":46}},"16":{"start":{"line":45,"column":2},"end":{"line":47,"column":1}},"17":{"start":{"line":46,"column":2},"end":{"line":46,"column":54}},"18":{"start":{"line":50,"column":0},"end":{"line":50,"column":25}}},"fnMap":{"0":{"name":"getMovieDetails","decl":{"start":{"line":13,"column":22},"end":{"line":13,"column":37}},"loc":{"start":{"line":13,"column":40},"end":{"line":18,"column":1}},"line":13},"1":{"name":"showMovieBanner","decl":{"start":{"line":25,"column":22},"end":{"line":25,"column":37}},"loc":{"start":{"line":25,"column":47},"end":{"line":48,"column":1}},"line":25}},"branchMap":{"0":{"loc":{"start":{"line":33,"column":2},"end":{"line":43,"column":1}},"type":"if","locations":[{"start":{"line":33,"column":2},"end":{"line":43,"column":1}},{"start":{},"end":{}}],"line":33},"1":{"loc":{"start":{"line":39,"column":4},"end":{"line":42,"column":3}},"type":"if","locations":[{"start":{"line":39,"column":4},"end":{"line":42,"column":3}},{"start":{},"end":{}}],"line":39},"2":{"loc":{"start":{"line":39,"column":8},"end":{"line":39,"column":43}},"type":"binary-expr","locations":[{"start":{"line":39,"column":8},"end":{"line":39,"column":26}},{"start":{"line":39,"column":30},"end":{"line":39,"column":43}}],"line":39},"3":{"loc":{"start":{"line":45,"column":2},"end":{"line":47,"column":1}},"type":"if","locations":[{"start":{"line":45,"column":2},"end":{"line":47,"column":1}},{"start":{},"end":{}}],"line":45}},"s":{"0":1,"1":1,"2":1,"3":2,"4":2,"5":1,"6":1,"7":2,"8":2,"9":2,"10":1,"11":1,"12":1,"13":1,"14":1,"15":1,"16":1,"17":1,"18":1},"f":{"0":2,"1":2},"b":{"0":[1,0],"1":[1,0],"2":[1,1],"3":[1,0]},"_coverageSchema":"1a1c01bbd47fc00a2c39e90264f33305004495a9","hash":"8e73b2d2ba61d429ebf119ebdd84b9c09270ad1b"}
,"C:\\Users\\Роман\\Desktop\\hw\\netflix_clone-master\\jest\\favorites.js": {"path":"C:\\Users\\Роман\\Desktop\\hw\\netflix_clone-master\\jest\\favorites.js","statementMap":{"0":{"start":{"line":5,"column":24},"end":{"line":5,"column":77}},"1":{"start":{"line":7,"column":26},"end":{"line":7,"column":75}},"2":{"start":{"line":7,"column":54},"end":{"line":7,"column":74}},"3":{"start":{"line":9,"column":4},"end":{"line":9,"column":71}},"4":{"start":{"line":11,"column":4},"end":{"line":11,"column":25}},"5":{"start":{"line":16,"column":24},"end":{"line":16,"column":77}},"6":{"start":{"line":18,"column":33},"end":{"line":18,"column":83}},"7":{"start":{"line":20,"column":4},"end":{"line":23,"column":5}},"8":{"start":{"line":22,"column":4},"end":{"line":22,"column":40}},"9":{"start":{"line":25,"column":4},"end":{"line":52,"column":7}},"10":{"start":{"line":27,"column":29},"end":{"line":27,"column":58}},"11":{"start":{"line":28,"column":8},"end":{"line":28,"column":44}},"12":{"start":{"line":29,"column":30},"end":{"line":29,"column":59}},"13":{"start":{"line":30,"column":8},"end":{"line":30,"column":53}},"14":{"start":{"line":31,"column":8},"end":{"line":32,"column":74}},"15":{"start":{"line":34,"column":8},"end":{"line":37,"column":10}},"16":{"start":{"line":36,"column":12},"end":{"line":36,"column":104}},"17":{"start":{"line":39,"column":29},"end":{"line":39,"column":61}},"18":{"start":{"line":40,"column":8},"end":{"line":40,"column":53}},"19":{"start":{"line":41,"column":8},"end":{"line":41,"column":45}},"20":{"start":{"line":42,"column":8},"end":{"line":44,"column":11}},"21":{"start":{"line":43,"column":12},"end":{"line":43,"column":34}},"22":{"start":{"line":47,"column":8},"end":{"line":47,"column":48}},"23":{"start":{"line":48,"column":8},"end":{"line":48,"column":47}},"24":{"start":{"line":49,"column":8},"end":{"line":51,"column":5}},"25":{"start":{"line":50,"column":8},"end":{"line":50,"column":55}},"26":{"start":{"line":55,"column":0},"end":{"line":55,"column":64}}},"fnMap":{"0":{"name":"removeMovie","decl":{"start":{"line":3,"column":16},"end":{"line":3,"column":27}},"loc":{"start":{"line":3,"column":37},"end":{"line":12,"column":1}},"line":3},"1":{"name":"(anonymous_1)","decl":{"start":{"line":7,"column":45},"end":{"line":7,"column":46}},"loc":{"start":{"line":7,"column":54},"end":{"line":7,"column":74}},"line":7},"2":{"name":"displaySavedMovies","decl":{"start":{"line":14,"column":16},"end":{"line":14,"column":34}},"loc":{"start":{"line":14,"column":37},"end":{"line":53,"column":1}},"line":14},"3":{"name":"(anonymous_3)","decl":{"start":{"line":25,"column":24},"end":{"line":25,"column":25}},"loc":{"start":{"line":25,"column":33},"end":{"line":52,"column":5}},"line":25},"4":{"name":"(anonymous_4)","decl":{"start":{"line":34,"column":32},"end":{"line":34,"column":33}},"loc":{"start":{"line":34,"column":38},"end":{"line":37,"column":9}},"line":34},"5":{"name":"(anonymous_5)","decl":{"start":{"line":42,"column":47},"end":{"line":42,"column":48}},"loc":{"start":{"line":42,"column":53},"end":{"line":44,"column":9}},"line":42}},"branchMap":{"0":{"loc":{"start":{"line":5,"column":24},"end":{"line":5,"column":77}},"type":"binary-expr","locations":[{"start":{"line":5,"column":24},"end":{"line":5,"column":71}},{"start":{"line":5,"column":75},"end":{"line":5,"column":77}}],"line":5},"1":{"loc":{"start":{"line":16,"column":24},"end":{"line":16,"column":77}},"type":"binary-expr","locations":[{"start":{"line":16,"column":24},"end":{"line":16,"column":71}},{"start":{"line":16,"column":75},"end":{"line":16,"column":77}}],"line":16},"2":{"loc":{"start":{"line":20,"column":4},"end":{"line":23,"column":5}},"type":"if","locations":[{"start":{"line":20,"column":4},"end":{"line":23,"column":5}},{"start":{},"end":{}}],"line":20},"3":{"loc":{"start":{"line":49,"column":8},"end":{"line":51,"column":5}},"type":"if","locations":[{"start":{"line":49,"column":8},"end":{"line":51,"column":5}},{"start":{},"end":{}}],"line":49},"4":{"loc":{"start":{"line":49,"column":11},"end":{"line":49,"column":47}},"type":"binary-expr","locations":[{"start":{"line":49,"column":11},"end":{"line":49,"column":23}},{"start":{"line":49,"column":27},"end":{"line":49,"column":47}}],"line":49}},"s":{"0":1,"1":1,"2":3,"3":1,"4":1,"5":2,"6":2,"7":2,"8":1,"9":2,"10":4,"11":4,"12":4,"13":4,"14":4,"15":4,"16":0,"17":4,"18":4,"19":4,"20":4,"21":0,"22":4,"23":4,"24":4,"25":2,"26":1},"f":{"0":1,"1":3,"2":2,"3":4,"4":0,"5":0},"b":{"0":[1,0],"1":[2,0],"2":[1,1],"3":[2,2],"4":[4,4]},"_coverageSchema":"1a1c01bbd47fc00a2c39e90264f33305004495a9","hash":"4219f4ee4831405d7ad27b79bbdf73b30015b8a9"}
,"C:\\Users\\Роман\\Desktop\\hw\\netflix_clone-master\\jest\\genre-list-try.js": {"path":"C:\\Users\\Роман\\Desktop\\hw\\netflix_clone-master\\jest\\genre-list-try.js","statementMap":{"0":{"start":{"line":6,"column":14},"end":{"line":6,"column":97}},"1":{"start":{"line":7,"column":19},"end":{"line":7,"column":35}},"2":{"start":{"line":8,"column":15},"end":{"line":8,"column":36}},"3":{"start":{"line":10,"column":2},"end":{"line":15,"column":3}},"4":{"start":{"line":11,"column":18},"end":{"line":11,"column":65}},"5":{"start":{"line":11,"column":44},"end":{"line":11,"column":64}},"6":{"start":{"line":12,"column":4},"end":{"line":12,"column":17}},"7":{"start":{"line":14,"column":4},"end":{"line":14,"column":41}},"8":{"start":{"line":19,"column":14},"end":{"line":19,"column":118}},"9":{"start":{"line":20,"column":19},"end":{"line":20,"column":35}},"10":{"start":{"line":21,"column":15},"end":{"line":21,"column":36}},"11":{"start":{"line":23,"column":2},"end":{"line":27,"column":3}},"12":{"start":{"line":24,"column":4},"end":{"line":24,"column":24}},"13":{"start":{"line":26,"column":4},"end":{"line":26,"column":41}},"14":{"start":{"line":31,"column":14},"end":{"line":31,"column":94}},"15":{"start":{"line":32,"column":19},"end":{"line":32,"column":35}},"16":{"start":{"line":33,"column":15},"end":{"line":33,"column":36}},"17":{"start":{"line":35,"column":2},"end":{"line":39,"column":3}},"18":{"start":{"line":36,"column":4},"end":{"line":36,"column":24}},"19":{"start":{"line":38,"column":4},"end":{"line":38,"column":41}},"20":{"start":{"line":43,"column":26},"end":{"line":43,"column":70}},"21":{"start":{"line":45,"column":4},"end":{"line":56,"column":7}},"22":{"start":{"line":46,"column":6},"end":{"line":55,"column":7}},"23":{"start":{"line":47,"column":30},"end":{"line":47,"column":56}},"24":{"start":{"line":48,"column":30},"end":{"line":48,"column":78}},"25":{"start":{"line":49,"column":8},"end":{"line":49,"column":65}},"26":{"start":{"line":50,"column":8},"end":{"line":50,"column":71}},"27":{"start":{"line":52,"column":27},"end":{"line":52,"column":57}},"28":{"start":{"line":53,"column":8},"end":{"line":53,"column":107}},"29":{"start":{"line":54,"column":8},"end":{"line":54,"column":104}},"30":{"start":{"line":60,"column":23},"end":{"line":60,"column":66}},"31":{"start":{"line":61,"column":25},"end":{"line":61,"column":54}},"32":{"start":{"line":62,"column":2},"end":{"line":62,"column":49}},"33":{"start":{"line":64,"column":31},"end":{"line":64,"column":60}},"34":{"start":{"line":65,"column":2},"end":{"line":65,"column":85}},"35":{"start":{"line":66,"column":29},"end":{"line":66,"column":57}},"36":{"start":{"line":67,"column":2},"end":{"line":67,"column":51}},"37":{"start":{"line":68,"column":2},"end":{"line":68,"column":55}},"38":{"start":{"line":69,"column":2},"end":{"line":69,"column":49}},"39":{"start":{"line":71,"column":24},"end":{"line":71,"column":48}},"40":{"start":{"line":72,"column":2},"end":{"line":75,"column":3}},"41":{"start":{"line":73,"column":25},"end":{"line":73,"column":50}},"42":{"start":{"line":74,"column":4},"end":{"line":74,"column":51}},"43":{"start":{"line":77,"column":2},"end":{"line":77,"column":51}},"44":{"start":{"line":79,"column":2},"end":{"line":98,"column":3}},"45":{"start":{"line":80,"column":25},"end":{"line":80,"column":54}},"46":{"start":{"line":81,"column":18},"end":{"line":81,"column":41}},"47":{"start":{"line":83,"column":4},"end":{"line":83,"column":78}},"48":{"start":{"line":85,"column":23},"end":{"line":85,"column":51}},"49":{"start":{"line":86,"column":4},"end":{"line":86,"column":45}},"50":{"start":{"line":87,"column":4},"end":{"line":87,"column":40}},"51":{"start":{"line":89,"column":4},"end":{"line":89,"column":43}},"52":{"start":{"line":91,"column":19},"end":{"line":91,"column":50}},"53":{"start":{"line":92,"column":4},"end":{"line":95,"column":5}},"54":{"start":{"line":93,"column":27},"end":{"line":93,"column":52}},"55":{"start":{"line":94,"column":6},"end":{"line":94,"column":45}},"56":{"start":{"line":97,"column":4},"end":{"line":97,"column":45}},"57":{"start":{"line":100,"column":2},"end":{"line":100,"column":30}},"58":{"start":{"line":101,"column":2},"end":{"line":101,"column":43}},"59":{"start":{"line":103,"column":25},"end":{"line":103,"column":70}},"60":{"start":{"line":104,"column":2},"end":{"line":137,"column":3}},"61":{"start":{"line":105,"column":4},"end":{"line":136,"column":7}},"62":{"start":{"line":141,"column":21},"end":{"line":141,"column":50}},"63":{"start":{"line":142,"column":2},"end":{"line":142,"column":43}},"64":{"start":{"line":144,"column":22},"end":{"line":144,"column":49}},"65":{"start":{"line":145,"column":2},"end":{"line":145,"column":47}},"66":{"start":{"line":146,"column":2},"end":{"line":146,"column":52}},"67":{"start":{"line":148,"column":23},"end":{"line":148,"column":52}},"68":{"start":{"line":149,"column":2},"end":{"line":149,"column":47}},"69":{"start":{"line":150,"column":2},"end":{"line":150,"column":76}},"70":{"start":{"line":152,"column":2},"end":{"line":152,"column":40}},"71":{"start":{"line":153,"column":2},"end":{"line":153,"column":38}},"72":{"start":{"line":155,"column":2},"end":{"line":157,"column":5}},"73":{"start":{"line":156,"column":4},"end":{"line":156,"column":96}},"74":{"start":{"line":159,"column":2},"end":{"line":159,"column":20}},"75":{"start":{"line":162,"column":0},"end":{"line":170,"column":3}},"76":{"start":{"line":163,"column":22},"end":{"line":163,"column":61}},"77":{"start":{"line":164,"column":2},"end":{"line":167,"column":5}},"78":{"start":{"line":165,"column":26},"end":{"line":165,"column":36}},"79":{"start":{"line":166,"column":4},"end":{"line":166,"column":37}},"80":{"start":{"line":169,"column":2},"end":{"line":169,"column":27}},"81":{"start":{"line":172,"column":17},"end":{"line":172,"column":37}},"82":{"start":{"line":173,"column":0},"end":{"line":174,"column":40}},"83":{"start":{"line":174,"column":18},"end":{"line":174,"column":38}}},"fnMap":{"0":{"name":"getGenre","decl":{"start":{"line":5,"column":22},"end":{"line":5,"column":30}},"loc":{"start":{"line":5,"column":40},"end":{"line":16,"column":1}},"line":5},"1":{"name":"(anonymous_1)","decl":{"start":{"line":11,"column":35},"end":{"line":11,"column":36}},"loc":{"start":{"line":11,"column":44},"end":{"line":11,"column":64}},"line":11},"2":{"name":"getMoviesByGenre","decl":{"start":{"line":18,"column":22},"end":{"line":18,"column":38}},"loc":{"start":{"line":18,"column":48},"end":{"line":28,"column":1}},"line":18},"3":{"name":"getPopularMovies","decl":{"start":{"line":30,"column":22},"end":{"line":30,"column":38}},"loc":{"start":{"line":30,"column":41},"end":{"line":40,"column":1}},"line":30},"4":{"name":"showMoviesByGenre","decl":{"start":{"line":42,"column":16},"end":{"line":42,"column":33}},"loc":{"start":{"line":42,"column":41},"end":{"line":57,"column":1}},"line":42},"5":{"name":"(anonymous_5)","decl":{"start":{"line":45,"column":26},"end":{"line":45,"column":27}},"loc":{"start":{"line":45,"column":37},"end":{"line":56,"column":5}},"line":45},"6":{"name":"showMoviesByGenres","decl":{"start":{"line":59,"column":22},"end":{"line":59,"column":40}},"loc":{"start":{"line":59,"column":51},"end":{"line":138,"column":1}},"line":59},"7":{"name":"createMovieElement","decl":{"start":{"line":140,"column":16},"end":{"line":140,"column":34}},"loc":{"start":{"line":140,"column":42},"end":{"line":160,"column":1}},"line":140},"8":{"name":"(anonymous_8)","decl":{"start":{"line":155,"column":40},"end":{"line":155,"column":41}},"loc":{"start":{"line":155,"column":46},"end":{"line":157,"column":3}},"line":155},"9":{"name":"(anonymous_9)","decl":{"start":{"line":162,"column":46},"end":{"line":162,"column":47}},"loc":{"start":{"line":162,"column":52},"end":{"line":170,"column":1}},"line":162},"10":{"name":"(anonymous_10)","decl":{"start":{"line":164,"column":41},"end":{"line":164,"column":42}},"loc":{"start":{"line":164,"column":52},"end":{"line":167,"column":3}},"line":164},"11":{"name":"(anonymous_11)","decl":{"start":{"line":174,"column":9},"end":{"line":174,"column":10}},"loc":{"start":{"line":174,"column":18},"end":{"line":174,"column":38}},"line":174}},"branchMap":{"0":{"loc":{"start":{"line":10,"column":2},"end":{"line":15,"column":3}},"type":"if","locations":[{"start":{"line":10,"column":2},"end":{"line":15,"column":3}},{"start":{"line":13,"column":9},"end":{"line":15,"column":3}}],"line":10},"1":{"loc":{"start":{"line":23,"column":2},"end":{"line":27,"column":3}},"type":"if","locations":[{"start":{"line":23,"column":2},"end":{"line":27,"column":3}},{"start":{"line":25,"column":9},"end":{"line":27,"column":3}}],"line":23},"2":{"loc":{"start":{"line":35,"column":2},"end":{"line":39,"column":3}},"type":"if","locations":[{"start":{"line":35,"column":2},"end":{"line":39,"column":3}},{"start":{"line":37,"column":9},"end":{"line":39,"column":3}}],"line":35},"3":{"loc":{"start":{"line":46,"column":6},"end":{"line":55,"column":7}},"type":"if","locations":[{"start":{"line":46,"column":6},"end":{"line":55,"column":7}},{"start":{"line":51,"column":13},"end":{"line":55,"column":7}}],"line":46},"4":{"loc":{"start":{"line":48,"column":30},"end":{"line":48,"column":78}},"type":"binary-expr","locations":[{"start":{"line":48,"column":30},"end":{"line":48,"column":59}},{"start":{"line":48,"column":63},"end":{"line":48,"column":78}}],"line":48},"5":{"loc":{"start":{"line":49,"column":32},"end":{"line":49,"column":64}},"type":"cond-expr","locations":[{"start":{"line":49,"column":48},"end":{"line":49,"column":55}},{"start":{"line":49,"column":58},"end":{"line":49,"column":64}}],"line":49},"6":{"loc":{"start":{"line":50,"column":38},"end":{"line":50,"column":70}},"type":"cond-expr","locations":[{"start":{"line":50,"column":54},"end":{"line":50,"column":61}},{"start":{"line":50,"column":64},"end":{"line":50,"column":70}}],"line":50},"7":{"loc":{"start":{"line":53,"column":35},"end":{"line":53,"column":106}},"type":"cond-expr","locations":[{"start":{"line":53,"column":90},"end":{"line":53,"column":97}},{"start":{"line":53,"column":100},"end":{"line":53,"column":106}}],"line":53},"8":{"loc":{"start":{"line":53,"column":35},"end":{"line":53,"column":87}},"type":"binary-expr","locations":[{"start":{"line":53,"column":35},"end":{"line":53,"column":68}},{"start":{"line":53,"column":72},"end":{"line":53,"column":87}}],"line":53},"9":{"loc":{"start":{"line":54,"column":32},"end":{"line":54,"column":103}},"type":"cond-expr","locations":[{"start":{"line":54,"column":87},"end":{"line":54,"column":94}},{"start":{"line":54,"column":97},"end":{"line":54,"column":103}}],"line":54},"10":{"loc":{"start":{"line":54,"column":32},"end":{"line":54,"column":84}},"type":"binary-expr","locations":[{"start":{"line":54,"column":32},"end":{"line":54,"column":65}},{"start":{"line":54,"column":69},"end":{"line":54,"column":84}}],"line":54}},"s":{"0":2,"1":2,"2":2,"3":2,"4":1,"5":1,"6":1,"7":1,"8":2,"9":2,"10":2,"11":2,"12":1,"13":1,"14":4,"15":4,"16":2,"17":2,"18":1,"19":1,"20":2,"21":2,"22":4,"23":2,"24":2,"25":2,"26":2,"27":2,"28":2,"29":2,"30":2,"31":2,"32":2,"33":2,"34":2,"35":2,"36":2,"37":2,"38":2,"39":2,"40":0,"41":0,"42":0,"43":0,"44":0,"45":0,"46":0,"47":0,"48":0,"49":0,"50":0,"51":0,"52":0,"53":0,"54":0,"55":0,"56":0,"57":0,"58":0,"59":0,"60":0,"61":0,"62":1,"63":1,"64":1,"65":1,"66":1,"67":1,"68":1,"69":1,"70":1,"71":1,"72":1,"73":0,"74":1,"75":1,"76":0,"77":0,"78":0,"79":0,"80":0,"81":1,"82":1,"83":0},"f":{"0":2,"1":1,"2":2,"3":4,"4":2,"5":4,"6":2,"7":1,"8":0,"9":0,"10":0,"11":0},"b":{"0":[1,1],"1":[1,1],"2":[1,1],"3":[2,2],"4":[2,2],"5":[1,1],"6":[1,1],"7":[1,1],"8":[2,2],"9":[1,1],"10":[2,2]},"_coverageSchema":"1a1c01bbd47fc00a2c39e90264f33305004495a9","hash":"3f3281cc2157ac55b29f62e94ea076439d19e509"}
,"C:\\Users\\Роман\\Desktop\\hw\\netflix_clone-master\\jest\\header-film.js": {"path":"C:\\Users\\Роман\\Desktop\\hw\\netflix_clone-master\\jest\\header-film.js","statementMap":{"0":{"start":{"line":13,"column":17},"end":{"line":13,"column":50}},"1":{"start":{"line":15,"column":2},"end":{"line":23,"column":3}},"2":{"start":{"line":16,"column":4},"end":{"line":22,"column":7}},"3":{"start":{"line":17,"column":6},"end":{"line":21,"column":7}},"4":{"start":{"line":18,"column":8},"end":{"line":18,"column":46}},"5":{"start":{"line":20,"column":8},"end":{"line":20,"column":49}},"6":{"start":{"line":26,"column":0},"end":{"line":26,"column":15}}},"fnMap":{"0":{"name":"handleScroll","decl":{"start":{"line":12,"column":16},"end":{"line":12,"column":28}},"loc":{"start":{"line":12,"column":31},"end":{"line":24,"column":1}},"line":12},"1":{"name":"(anonymous_1)","decl":{"start":{"line":16,"column":38},"end":{"line":16,"column":39}},"loc":{"start":{"line":16,"column":44},"end":{"line":22,"column":5}},"line":16}},"branchMap":{"0":{"loc":{"start":{"line":15,"column":2},"end":{"line":23,"column":3}},"type":"if","locations":[{"start":{"line":15,"column":2},"end":{"line":23,"column":3}},{"start":{},"end":{}}],"line":15},"1":{"loc":{"start":{"line":17,"column":6},"end":{"line":21,"column":7}},"type":"if","locations":[{"start":{"line":17,"column":6},"end":{"line":21,"column":7}},{"start":{"line":19,"column":13},"end":{"line":21,"column":7}}],"line":17}},"s":{"0":2,"1":2,"2":1,"3":1,"4":0,"5":1,"6":1},"f":{"0":2,"1":1},"b":{"0":[1,1],"1":[0,1]},"_coverageSchema":"1a1c01bbd47fc00a2c39e90264f33305004495a9","hash":"03ed1fffcea3491db4f6b85e5bec97ad07227ccd"}
,"C:\\Users\\Роман\\Desktop\\hw\\netflix_clone-master\\jest\\like.js": {"path":"C:\\Users\\Роман\\Desktop\\hw\\netflix_clone-master\\jest\\like.js","statementMap":{"0":{"start":{"line":6,"column":28},"end":{"line":6,"column":63}},"1":{"start":{"line":7,"column":24},"end":{"line":7,"column":74}},"2":{"start":{"line":9,"column":20},"end":{"line":9,"column":80}},"3":{"start":{"line":9,"column":53},"end":{"line":9,"column":79}},"4":{"start":{"line":10,"column":4},"end":{"line":30,"column":5}},"5":{"start":{"line":12,"column":8},"end":{"line":12,"column":32}},"6":{"start":{"line":14,"column":8},"end":{"line":14,"column":73}},"7":{"start":{"line":16,"column":31},"end":{"line":16,"column":74}},"8":{"start":{"line":17,"column":8},"end":{"line":19,"column":9}},"9":{"start":{"line":18,"column":12},"end":{"line":18,"column":51}},"10":{"start":{"line":23,"column":30},"end":{"line":23,"column":92}},"11":{"start":{"line":23,"column":65},"end":{"line":23,"column":91}},"12":{"start":{"line":24,"column":8},"end":{"line":24,"column":75}},"13":{"start":{"line":26,"column":31},"end":{"line":26,"column":74}},"14":{"start":{"line":27,"column":8},"end":{"line":29,"column":9}},"15":{"start":{"line":28,"column":12},"end":{"line":28,"column":54}},"16":{"start":{"line":33,"column":23},"end":{"line":33,"column":66}},"17":{"start":{"line":34,"column":0},"end":{"line":49,"column":1}},"18":{"start":{"line":35,"column":4},"end":{"line":48,"column":7}},"19":{"start":{"line":37,"column":34},"end":{"line":37,"column":73}},"20":{"start":{"line":38,"column":28},"end":{"line":38,"column":65}},"21":{"start":{"line":39,"column":8},"end":{"line":47,"column":9}},"22":{"start":{"line":40,"column":26},"end":{"line":44,"column":13}},"23":{"start":{"line":46,"column":12},"end":{"line":46,"column":29}},"24":{"start":{"line":51,"column":18},"end":{"line":51,"column":61}},"25":{"start":{"line":52,"column":16},"end":{"line":52,"column":41}}},"fnMap":{"0":{"name":"saveMovie","decl":{"start":{"line":3,"column":16},"end":{"line":3,"column":25}},"loc":{"start":{"line":3,"column":33},"end":{"line":31,"column":1}},"line":3},"1":{"name":"(anonymous_1)","decl":{"start":{"line":9,"column":37},"end":{"line":9,"column":38}},"loc":{"start":{"line":9,"column":53},"end":{"line":9,"column":79}},"line":9},"2":{"name":"(anonymous_2)","decl":{"start":{"line":23,"column":49},"end":{"line":23,"column":50}},"loc":{"start":{"line":23,"column":65},"end":{"line":23,"column":91}},"line":23},"3":{"name":"(anonymous_3)","decl":{"start":{"line":35,"column":45},"end":{"line":35,"column":46}},"loc":{"start":{"line":35,"column":51},"end":{"line":48,"column":5}},"line":35}},"branchMap":{"0":{"loc":{"start":{"line":7,"column":24},"end":{"line":7,"column":74}},"type":"cond-expr","locations":[{"start":{"line":7,"column":42},"end":{"line":7,"column":69}},{"start":{"line":7,"column":72},"end":{"line":7,"column":74}}],"line":7},"1":{"loc":{"start":{"line":10,"column":4},"end":{"line":30,"column":5}},"type":"if","locations":[{"start":{"line":10,"column":4},"end":{"line":30,"column":5}},{"start":{"line":21,"column":9},"end":{"line":30,"column":5}}],"line":10},"2":{"loc":{"start":{"line":17,"column":8},"end":{"line":19,"column":9}},"type":"if","locations":[{"start":{"line":17,"column":8},"end":{"line":19,"column":9}},{"start":{},"end":{}}],"line":17},"3":{"loc":{"start":{"line":27,"column":8},"end":{"line":29,"column":9}},"type":"if","locations":[{"start":{"line":27,"column":8},"end":{"line":29,"column":9}},{"start":{},"end":{}}],"line":27},"4":{"loc":{"start":{"line":34,"column":0},"end":{"line":49,"column":1}},"type":"if","locations":[{"start":{"line":34,"column":0},"end":{"line":49,"column":1}},{"start":{},"end":{}}],"line":34},"5":{"loc":{"start":{"line":39,"column":8},"end":{"line":47,"column":9}},"type":"if","locations":[{"start":{"line":39,"column":8},"end":{"line":47,"column":9}},{"start":{},"end":{}}],"line":39},"6":{"loc":{"start":{"line":39,"column":12},"end":{"line":39,"column":44}},"type":"binary-expr","locations":[{"start":{"line":39,"column":12},"end":{"line":39,"column":29}},{"start":{"line":39,"column":33},"end":{"line":39,"column":44}}],"line":39},"7":{"loc":{"start":{"line":41,"column":20},"end":{"line":41,"column":33}},"type":"binary-expr","locations":[{"start":{"line":41,"column":20},"end":{"line":41,"column":27}},{"start":{"line":41,"column":31},"end":{"line":41,"column":33}}],"line":41},"8":{"loc":{"start":{"line":42,"column":23},"end":{"line":42,"column":58}},"type":"binary-expr","locations":[{"start":{"line":42,"column":23},"end":{"line":42,"column":52}},{"start":{"line":42,"column":56},"end":{"line":42,"column":58}}],"line":42},"9":{"loc":{"start":{"line":43,"column":27},"end":{"line":43,"column":65}},"type":"binary-expr","locations":[{"start":{"line":43,"column":27},"end":{"line":43,"column":59}},{"start":{"line":43,"column":63},"end":{"line":43,"column":65}}],"line":43},"10":{"loc":{"start":{"line":52,"column":16},"end":{"line":52,"column":41}},"type":"binary-expr","locations":[{"start":{"line":52,"column":16},"end":{"line":52,"column":35}},{"start":{"line":52,"column":39},"end":{"line":52,"column":41}}],"line":52}},"s":{"0":4,"1":4,"2":4,"3":1,"4":4,"5":3,"6":3,"7":3,"8":3,"9":3,"10":1,"11":1,"12":1,"13":1,"14":1,"15":1,"16":1,"17":1,"18":0,"19":0,"20":0,"21":0,"22":0,"23":0,"24":1,"25":1},"f":{"0":4,"1":1,"2":1,"3":0},"b":{"0":[2,2],"1":[3,1],"2":[3,0],"3":[1,0],"4":[0,1],"5":[0,0],"6":[0,0],"7":[0,0],"8":[0,0],"9":[0,0],"10":[1,1]},"_coverageSchema":"1a1c01bbd47fc00a2c39e90264f33305004495a9","hash":"11d7d66080fb05274bef84c980ee4ad8f0b99f42"}
}
