TN:
SF:jest\api.js
FNF:0
FNH:0
DA:5,1
DA:8,1
DA:11,1
DA:12,1
DA:22,1
DA:23,1
DA:24,1
DA:25,1
DA:26,1
LF:9
LH:9
BRF:0
BRH:0
end_of_record
TN:
SF:jest\banner.js
FN:13,getMovieDetails
FN:25,showMovieBanner
FNF:2
FNH:2
FNDA:2,getMovieDetails
FNDA:2,showMovieBanner
DA:5,1
DA:6,1
DA:7,1
DA:14,2
DA:15,2
DA:16,1
DA:17,1
DA:26,2
DA:27,2
DA:30,2
DA:33,1
DA:34,1
DA:35,1
DA:36,1
DA:39,1
DA:40,1
DA:45,1
DA:46,1
DA:50,1
LF:19
LH:19
BRDA:33,0,0,1
BRDA:33,0,1,0
BRDA:39,1,0,1
BRDA:39,1,1,0
BRDA:39,2,0,1
BRDA:39,2,1,1
BRDA:45,3,0,1
BRDA:45,3,1,0
BRF:8
BRH:5
end_of_record
TN:
SF:jest\favorites.js
FN:3,removeMovie
FN:7,(anonymous_1)
FN:14,displaySavedMovies
FN:25,(anonymous_3)
FN:34,(anonymous_4)
FN:42,(anonymous_5)
FNF:6
FNH:4
FNDA:1,removeMovie
FNDA:3,(anonymous_1)
FNDA:2,displaySavedMovies
FNDA:4,(anonymous_3)
FNDA:0,(anonymous_4)
FNDA:0,(anonymous_5)
DA:5,1
DA:7,3
DA:9,1
DA:11,1
DA:16,2
DA:18,2
DA:20,2
DA:22,1
DA:25,2
DA:27,4
DA:28,4
DA:29,4
DA:30,4
DA:31,4
DA:34,4
DA:36,0
DA:39,4
DA:40,4
DA:41,4
DA:42,4
DA:43,0
DA:47,4
DA:48,4
DA:49,4
DA:50,2
DA:55,1
LF:26
LH:24
BRDA:5,0,0,1
BRDA:5,0,1,0
BRDA:16,1,0,2
BRDA:16,1,1,0
BRDA:20,2,0,1
BRDA:20,2,1,1
BRDA:49,3,0,2
BRDA:49,3,1,2
BRDA:49,4,0,4
BRDA:49,4,1,4
BRF:10
BRH:8
end_of_record
TN:
SF:jest\genre-list-try.js
FN:5,getGenre
FN:11,(anonymous_1)
FN:18,getMoviesByGenre
FN:30,getPopularMovies
FN:42,showMoviesByGenre
FN:45,(anonymous_5)
FN:59,showMoviesByGenres
FN:140,createMovieElement
FN:155,(anonymous_8)
FN:162,(anonymous_9)
FN:164,(anonymous_10)
FN:174,(anonymous_11)
FNF:12
FNH:8
FNDA:2,getGenre
FNDA:1,(anonymous_1)
FNDA:2,getMoviesByGenre
FNDA:4,getPopularMovies
FNDA:2,showMoviesByGenre
FNDA:4,(anonymous_5)
FNDA:2,showMoviesByGenres
FNDA:1,createMovieElement
FNDA:0,(anonymous_8)
FNDA:0,(anonymous_9)
FNDA:0,(anonymous_10)
FNDA:0,(anonymous_11)
DA:6,2
DA:7,2
DA:8,2
DA:10,2
DA:11,1
DA:12,1
DA:14,1
DA:19,2
DA:20,2
DA:21,2
DA:23,2
DA:24,1
DA:26,1
DA:31,4
DA:32,4
DA:33,2
DA:35,2
DA:36,1
DA:38,1
DA:43,2
DA:45,2
DA:46,4
DA:47,2
DA:48,2
DA:49,2
DA:50,2
DA:52,2
DA:53,2
DA:54,2
DA:60,2
DA:61,2
DA:62,2
DA:64,2
DA:65,2
DA:66,2
DA:67,2
DA:68,2
DA:69,2
DA:71,2
DA:72,0
DA:73,0
DA:74,0
DA:77,0
DA:79,0
DA:80,0
DA:81,0
DA:83,0
DA:85,0
DA:86,0
DA:87,0
DA:89,0
DA:91,0
DA:92,0
DA:93,0
DA:94,0
DA:97,0
DA:100,0
DA:101,0
DA:103,0
DA:104,0
DA:105,0
DA:141,1
DA:142,1
DA:144,1
DA:145,1
DA:146,1
DA:148,1
DA:149,1
DA:150,1
DA:152,1
DA:153,1
DA:155,1
DA:156,0
DA:159,1
DA:162,1
DA:163,0
DA:164,0
DA:165,0
DA:166,0
DA:169,0
DA:172,1
DA:173,1
DA:174,0
LF:83
LH:54
BRDA:10,0,0,1
BRDA:10,0,1,1
BRDA:23,1,0,1
BRDA:23,1,1,1
BRDA:35,2,0,1
BRDA:35,2,1,1
BRDA:46,3,0,2
BRDA:46,3,1,2
BRDA:48,4,0,2
BRDA:48,4,1,2
BRDA:49,5,0,1
BRDA:49,5,1,1
BRDA:50,6,0,1
BRDA:50,6,1,1
BRDA:53,7,0,1
BRDA:53,7,1,1
BRDA:53,8,0,2
BRDA:53,8,1,2
BRDA:54,9,0,1
BRDA:54,9,1,1
BRDA:54,10,0,2
BRDA:54,10,1,2
BRF:22
BRH:22
end_of_record
TN:
SF:jest\header-film.js
FN:12,handleScroll
FN:16,(anonymous_1)
FNF:2
FNH:2
FNDA:2,handleScroll
FNDA:1,(anonymous_1)
DA:13,2
DA:15,2
DA:16,1
DA:17,1
DA:18,0
DA:20,1
DA:26,1
LF:7
LH:6
BRDA:15,0,0,1
BRDA:15,0,1,1
BRDA:17,1,0,0
BRDA:17,1,1,1
BRF:4
BRH:3
end_of_record
TN:
SF:jest\like.js
FN:3,saveMovie
FN:9,(anonymous_1)
FN:23,(anonymous_2)
FN:35,(anonymous_3)
FNF:4
FNH:3
FNDA:4,saveMovie
FNDA:1,(anonymous_1)
FNDA:1,(anonymous_2)
FNDA:0,(anonymous_3)
DA:6,4
DA:7,4
DA:9,4
DA:10,4
DA:12,3
DA:14,3
DA:16,3
DA:17,3
DA:18,3
DA:23,1
DA:24,1
DA:26,1
DA:27,1
DA:28,1
DA:33,1
DA:34,1
DA:35,0
DA:37,0
DA:38,0
DA:39,0
DA:40,0
DA:46,0
DA:51,1
DA:52,1
LF:24
LH:18
BRDA:7,0,0,2
BRDA:7,0,1,2
BRDA:10,1,0,3
BRDA:10,1,1,1
BRDA:17,2,0,3
BRDA:17,2,1,0
BRDA:27,3,0,1
BRDA:27,3,1,0
BRDA:34,4,0,0
BRDA:34,4,1,1
BRDA:39,5,0,0
BRDA:39,5,1,0
BRDA:39,6,0,0
BRDA:39,6,1,0
BRDA:41,7,0,0
BRDA:41,7,1,0
BRDA:42,8,0,0
BRDA:42,8,1,0
BRDA:43,9,0,0
BRDA:43,9,1,0
BRDA:52,10,0,1
BRDA:52,10,1,1
BRF:22
BRH:9
end_of_record
